2015-04-30 14:46:26 - PHP Warning:  mail(): Failed to connect to mailserver at &quot;localhost&quot; port 25, verify your &quot;SMTP&quot; and &quot;smtp_port&quot; setting in php.ini or use ini_set() in C:\wamp\www\DiSalgados\system\library\mail.php on line 164
<<<<<<< HEAD
2015-06-23 23:28:34 - PHP Warning:  imagecreatefrompng(C:\wamp\www\DiSalgados/image/watermark.png): failed to open stream: No such file or directory in C:\wamp\www\DiSalgados\system\modification\system\library\image.php on line 108
2015-06-23 23:28:34 - PHP Warning:  imagesx() expects parameter 1 to be resource, boolean given in C:\wamp\www\DiSalgados\system\modification\system\library\image.php on line 111
2015-06-23 23:28:34 - PHP Warning:  imagesy() expects parameter 1 to be resource, boolean given in C:\wamp\www\DiSalgados\system\modification\system\library\image.php on line 112
2015-06-23 23:28:34 - PHP Warning:  imagecopy() expects parameter 2 to be resource, boolean given in C:\wamp\www\DiSalgados\system\modification\system\library\image.php on line 140
2015-06-23 23:28:34 - PHP Warning:  imagedestroy() expects parameter 1 to be resource, boolean given in C:\wamp\www\DiSalgados\system\modification\system\library\image.php on line 143
2015-06-23 23:31:44 - PHP Warning:  imagecreatefrompng(C:\wamp\www\DiSalgados/image/watermark.png): failed to open stream: No such file or directory in C:\wamp\www\DiSalgados\system\modification\system\library\image.php on line 108
2015-06-23 23:31:44 - PHP Warning:  imagesx() expects parameter 1 to be resource, boolean given in C:\wamp\www\DiSalgados\system\modification\system\library\image.php on line 111
2015-06-23 23:31:44 - PHP Warning:  imagesy() expects parameter 1 to be resource, boolean given in C:\wamp\www\DiSalgados\system\modification\system\library\image.php on line 112
2015-06-23 23:31:44 - PHP Warning:  imagecopy() expects parameter 2 to be resource, boolean given in C:\wamp\www\DiSalgados\system\modification\system\library\image.php on line 140
2015-06-23 23:31:44 - PHP Warning:  imagedestroy() expects parameter 1 to be resource, boolean given in C:\wamp\www\DiSalgados\system\modification\system\library\image.php on line 143
2015-06-23 23:31:51 - PHP Warning:  imagecreatefrompng(C:\wamp\www\DiSalgados/image/watermark.png): failed to open stream: No such file or directory in C:\wamp\www\DiSalgados\system\modification\system\library\image.php on line 108
2015-06-23 23:31:51 - PHP Warning:  imagesx() expects parameter 1 to be resource, boolean given in C:\wamp\www\DiSalgados\system\modification\system\library\image.php on line 111
2015-06-23 23:31:51 - PHP Warning:  imagesy() expects parameter 1 to be resource, boolean given in C:\wamp\www\DiSalgados\system\modification\system\library\image.php on line 112
2015-06-23 23:31:51 - PHP Warning:  imagecopy() expects parameter 2 to be resource, boolean given in C:\wamp\www\DiSalgados\system\modification\system\library\image.php on line 140
2015-06-23 23:31:51 - PHP Warning:  imagedestroy() expects parameter 1 to be resource, boolean given in C:\wamp\www\DiSalgados\system\modification\system\library\image.php on line 143
2015-06-23 23:32:01 - PHP Warning:  imagecreatefrompng(C:\wamp\www\DiSalgados/image/watermark.png): failed to open stream: No such file or directory in C:\wamp\www\DiSalgados\system\modification\system\library\image.php on line 108
2015-06-23 23:32:01 - PHP Warning:  imagesx() expects parameter 1 to be resource, boolean given in C:\wamp\www\DiSalgados\system\modification\system\library\image.php on line 111
2015-06-23 23:32:01 - PHP Warning:  imagesy() expects parameter 1 to be resource, boolean given in C:\wamp\www\DiSalgados\system\modification\system\library\image.php on line 112
2015-06-23 23:32:01 - PHP Warning:  imagecopy() expects parameter 2 to be resource, boolean given in C:\wamp\www\DiSalgados\system\modification\system\library\image.php on line 140
2015-06-23 23:32:01 - PHP Warning:  imagedestroy() expects parameter 1 to be resource, boolean given in C:\wamp\www\DiSalgados\system\modification\system\library\image.php on line 143
2015-06-23 23:37:11 - PHP Warning:  imagecreatefrompng(C:\wamp\www\DiSalgados/image/watermark.png): failed to open stream: No such file or directory in C:\wamp\www\DiSalgados\system\modification\system\library\image.php on line 108
2015-06-23 23:37:11 - PHP Warning:  imagesx() expects parameter 1 to be resource, boolean given in C:\wamp\www\DiSalgados\system\modification\system\library\image.php on line 111
2015-06-23 23:37:11 - PHP Warning:  imagesy() expects parameter 1 to be resource, boolean given in C:\wamp\www\DiSalgados\system\modification\system\library\image.php on line 112
2015-06-23 23:37:11 - PHP Warning:  imagecopy() expects parameter 2 to be resource, boolean given in C:\wamp\www\DiSalgados\system\modification\system\library\image.php on line 140
2015-06-23 23:37:11 - PHP Warning:  imagedestroy() expects parameter 1 to be resource, boolean given in C:\wamp\www\DiSalgados\system\modification\system\library\image.php on line 143
2015-06-23 23:40:03 - PHP Warning:  imagecreatefrompng(C:\wamp\www\DiSalgados/image/watermark.png): failed to open stream: No such file or directory in C:\wamp\www\DiSalgados\system\modification\system\library\image.php on line 108
2015-06-23 23:40:03 - PHP Warning:  imagesx() expects parameter 1 to be resource, boolean given in C:\wamp\www\DiSalgados\system\modification\system\library\image.php on line 111
2015-06-23 23:40:03 - PHP Warning:  imagesy() expects parameter 1 to be resource, boolean given in C:\wamp\www\DiSalgados\system\modification\system\library\image.php on line 112
2015-06-23 23:40:03 - PHP Warning:  imagecopy() expects parameter 2 to be resource, boolean given in C:\wamp\www\DiSalgados\system\modification\system\library\image.php on line 140
2015-06-23 23:40:03 - PHP Warning:  imagedestroy() expects parameter 1 to be resource, boolean given in C:\wamp\www\DiSalgados\system\modification\system\library\image.php on line 143
2015-06-23 23:40:08 - PHP Warning:  imagecreatefrompng(C:\wamp\www\DiSalgados/image/watermark.png): failed to open stream: No such file or directory in C:\wamp\www\DiSalgados\system\modification\system\library\image.php on line 108
2015-06-23 23:40:08 - PHP Warning:  imagesx() expects parameter 1 to be resource, boolean given in C:\wamp\www\DiSalgados\system\modification\system\library\image.php on line 111
2015-06-23 23:40:08 - PHP Warning:  imagesy() expects parameter 1 to be resource, boolean given in C:\wamp\www\DiSalgados\system\modification\system\library\image.php on line 112
2015-06-23 23:40:08 - PHP Warning:  imagecopy() expects parameter 2 to be resource, boolean given in C:\wamp\www\DiSalgados\system\modification\system\library\image.php on line 140
2015-06-23 23:40:08 - PHP Warning:  imagedestroy() expects parameter 1 to be resource, boolean given in C:\wamp\www\DiSalgados\system\modification\system\library\image.php on line 143
2015-06-23 23:41:04 - PHP Warning:  imagecreatefrompng(C:\wamp\www\DiSalgados/image/watermark.png): failed to open stream: No such file or directory in C:\wamp\www\DiSalgados\system\modification\system\library\image.php on line 108
2015-06-23 23:41:04 - PHP Warning:  imagesx() expects parameter 1 to be resource, boolean given in C:\wamp\www\DiSalgados\system\modification\system\library\image.php on line 111
2015-06-23 23:41:04 - PHP Warning:  imagesy() expects parameter 1 to be resource, boolean given in C:\wamp\www\DiSalgados\system\modification\system\library\image.php on line 112
2015-06-23 23:41:04 - PHP Warning:  imagecopy() expects parameter 2 to be resource, boolean given in C:\wamp\www\DiSalgados\system\modification\system\library\image.php on line 140
2015-06-23 23:41:04 - PHP Warning:  imagedestroy() expects parameter 1 to be resource, boolean given in C:\wamp\www\DiSalgados\system\modification\system\library\image.php on line 143
2015-06-25 2:13:21 - PHP Warning:  mail(): Failed to connect to mailserver at &quot;localhost&quot; port 25, verify your &quot;SMTP&quot; and &quot;smtp_port&quot; setting in php.ini or use ini_set() in C:\wamp\www\DiSalgados\system\library\mail.php on line 164
2015-06-25 2:13:22 - PHP Warning:  mail(): Failed to connect to mailserver at &quot;localhost&quot; port 25, verify your &quot;SMTP&quot; and &quot;smtp_port&quot; setting in php.ini or use ini_set() in C:\wamp\www\DiSalgados\system\library\mail.php on line 164
2015-06-25 2:15:50 - PHP Warning:  mail(): Failed to connect to mailserver at &quot;localhost&quot; port 25, verify your &quot;SMTP&quot; and &quot;smtp_port&quot; setting in php.ini or use ini_set() in C:\wamp\www\DiSalgados\system\library\mail.php on line 164
2015-06-25 2:17:18 - PHP Warning:  mail(): Failed to connect to mailserver at &quot;localhost&quot; port 25, verify your &quot;SMTP&quot; and &quot;smtp_port&quot; setting in php.ini or use ini_set() in C:\wamp\www\DiSalgados\system\library\mail.php on line 164
2015-06-25 15:20:05 - PHP Warning:  mail(): Failed to connect to mailserver at &quot;localhost&quot; port 25, verify your &quot;SMTP&quot; and &quot;smtp_port&quot; setting in php.ini or use ini_set() in C:\wamp\www\DiSalgados\system\library\mail.php on line 164
2015-06-25 15:20:06 - PHP Warning:  mail(): Failed to connect to mailserver at &quot;localhost&quot; port 25, verify your &quot;SMTP&quot; and &quot;smtp_port&quot; setting in php.ini or use ini_set() in C:\wamp\www\DiSalgados\system\library\mail.php on line 164
2015-06-25 15:20:56 - PHP Warning:  mail(): Failed to connect to mailserver at &quot;localhost&quot; port 25, verify your &quot;SMTP&quot; and &quot;smtp_port&quot; setting in php.ini or use ini_set() in C:\wamp\www\DiSalgados\system\library\mail.php on line 164
2015-06-25 15:21:26 - PHP Warning:  mail(): Failed to connect to mailserver at &quot;localhost&quot; port 25, verify your &quot;SMTP&quot; and &quot;smtp_port&quot; setting in php.ini or use ini_set() in C:\wamp\www\DiSalgados\system\library\mail.php on line 164
=======
>>>>>>> 77085051429053a12eb71abde0d6ff6c3a7fba03
2015-07-07 2:40:13 - PHP Warning:  mail(): Failed to connect to mailserver at &quot;localhost&quot; port 25, verify your &quot;SMTP&quot; and &quot;smtp_port&quot; setting in php.ini or use ini_set() in C:\wamp\www\DiSalgados\system\library\mail.php on line 164
2015-07-07 2:40:14 - PHP Warning:  mail(): Failed to connect to mailserver at &quot;localhost&quot; port 25, verify your &quot;SMTP&quot; and &quot;smtp_port&quot; setting in php.ini or use ini_set() in C:\wamp\www\DiSalgados\system\library\mail.php on line 164
